#
# A fatal error has been detected by the Java Runtime Environment:
#
#  SIGSEGV (0xb) at pc=0x000000012656b538, pid=4204, tid=5891
#
# JRE version: Java(TM) SE Runtime Environment (8.0_45-b14) (build 1.8.0_45-b14)
# Java VM: Java HotSpot(TM) 64-Bit Server VM (25.45-b02 mixed mode bsd-amd64 compressed oops)
# Problematic frame:
# C  [GLEngine+0x159538]  gleRunVertexSubmitImmediate+0x2148
#
# Failed to write core dump. Core dumps have been disabled. To enable core dumping, try "ulimit -c unlimited" before starting Java again
#
# If you would like to submit a bug report, please visit:
#   http://bugreport.java.com/bugreport/crash.jsp
# The crash happened outside the Java Virtual Machine in native code.
# See problematic frame for where to report the bug.
#

---------------  T H R E A D  ---------------

Current thread (0x00007f82b3002000):  JavaThread "main" [_thread_in_native, id=5891, stack(0x000070000011a000,0x000070000021a000)]

siginfo: si_signo: 11 (SIGSEGV), si_code: 1 (SEGV_MAPERR), si_addr: 0x0000000000000000

Registers:
RAX=0x0000000000000000, RBX=0x00000c3300041001, RCX=0x000000012656b538, RDX=0x000000012656c2ac
RSP=0x0000700000219250, RBP=0x00007000002194e0, RSI=0x000000012656b10f, RDI=0x000000012656c25c
R8 =0x0000000186600082, R9 =0x00007f82b0c5c670, R10=0x0000000000000003, R11=0x0000000000000000
R12=0x0000000000000c33, R13=0x0000000000000000, R14=0x0000000000000000, R15=0x0000000003000000
RIP=0x000000012656b538, EFLAGS=0x0000000000010213, ERR=0x0000000000000004
  TRAPNO=0x000000000000000e

Top of Stack: (sp=0x0000700000219250)
0x0000700000219250:   0000000000000000 0000000000000000
0x0000700000219260:   0000000000000000 0000000000000000
0x0000700000219270:   0000000000000000 0000000000000000
0x0000700000219280:   0000000000000000 0000000000000000
0x0000700000219290:   0000000000000000 0000000000000000
0x00007000002192a0:   0000000000000000 0000000000000000
0x00007000002192b0:   0000000000000000 0000000000000000
0x00007000002192c0:   0000000000000000 0000000000000000
0x00007000002192d0:   0000000000000000 0000000000000000
0x00007000002192e0:   0000000000000000 0000000000000000
0x00007000002192f0:   0000000000000000 0000000000000000
0x0000700000219300:   0000000000000000 0000000000000000
0x0000700000219310:   0000000000000000 0000000000000000
0x0000700000219320:   0000000000000000 00007f82b60001a0
0x0000700000219330:   00007f82b6000160 00007f82b6000180
0x0000700000219340:   00007f82b6000150 0000700000219478
0x0000700000219350:   00007f82b6000190 00007f82b6000170
0x0000700000219360:   00007f82b6000140 0000000000000000
0x0000700000219370:   0000000000000000 00007f82b6000190
0x0000700000219380:   00007f82b6000190 0000000000000000
0x0000700000219390:   0000000600000011 0000000000000000
0x00007000002193a0:   0000000000000000 0000000000000003
0x00007000002193b0:   0000000000000000 00007f82b6000000
0x00007000002193c0:   0000000000104000 00000000ffffffff
0x00007000002193d0:   fffffffe00000001 00007f82b0c5c670
0x00007000002193e0:   0000000000000001 00000c3300041000
0x00007000002193f0:   00007f82b6003da0 00007f82b6003fb0
0x0000700000219400:   0000000000000000 0000000000000001
0x0000700000219410:   00007f82b11a0000 00007f82b0c5c760
0x0000700000219420:   0000000000000000 0000000000000000
0x0000700000219430:   0000000000000000 0000000000000000
0x0000700000219440:   0000000000000000 0000000000000000 

Instructions: (pc=0x000000012656b538)
0x000000012656b518:   bf 00 00 80 7f 0f 44 f7 eb 67 8b 08 89 8d 30 ff
0x000000012656b528:   ff ff 8b 40 04 89 85 34 ff ff ff e9 c8 02 00 00
0x000000012656b538:   8b 08 89 8d 30 ff ff ff 8b 48 04 89 8d 34 ff ff
0x000000012656b548:   ff e9 de f5 ff ff 8b 08 89 8d 30 ff ff ff 8b 48 

Register to memory mapping:

RAX=0x0000000000000000 is an unknown value
RBX=0x00000c3300041001 is an unknown value
RCX=0x000000012656b538: gleRunVertexSubmitImmediate+0x2148 in /System/Library/Frameworks/OpenGL.framework/Resources/GLEngine.bundle/GLEngine at 0x0000000126412000
RDX=0x000000012656c2ac: gleRunVertexSubmitImmediate+0x2ebc in /System/Library/Frameworks/OpenGL.framework/Resources/GLEngine.bundle/GLEngine at 0x0000000126412000
RSP=0x0000700000219250 is pointing into the stack for thread: 0x00007f82b3002000
RBP=0x00007000002194e0 is pointing into the stack for thread: 0x00007f82b3002000
RSI=0x000000012656b10f: gleRunVertexSubmitImmediate+0x1d1f in /System/Library/Frameworks/OpenGL.framework/Resources/GLEngine.bundle/GLEngine at 0x0000000126412000
RDI=0x000000012656c25c: gleRunVertexSubmitImmediate+0x2e6c in /System/Library/Frameworks/OpenGL.framework/Resources/GLEngine.bundle/GLEngine at 0x0000000126412000
R8 =0x0000000186600082 is an unknown value
R9 =0x00007f82b0c5c670 is an unknown value
R10=0x0000000000000003 is an unknown value
R11=0x0000000000000000 is an unknown value
R12=0x0000000000000c33 is an unknown value
R13=0x0000000000000000 is an unknown value
R14=0x0000000000000000 is an unknown value
R15=0x0000000003000000 is an unknown value


Stack: [0x000070000011a000,0x000070000021a000],  sp=0x0000700000219250,  free space=1020k
Native frames: (J=compiled Java code, j=interpreted, Vv=VM code, C=native code)
C  [GLEngine+0x159538]  gleRunVertexSubmitImmediate+0x2148
C  [GLEngine+0xb9816]  glDrawArrays_GL3Exec+0x291
j  org.lwjgl.opengl.GL11.nglDrawArrays(IIIJ)V+0
j  org.lwjgl.opengl.GL11.glDrawArrays(III)V+20
j  ch.ethz.fcl.urbanfusion.vis.UrbanFusionVis.render()V+43
j  com.ra4king.opengl.GLProgram.gameLoop()V+102
j  com.ra4king.opengl.GLProgram.run(Lorg/lwjgl/opengl/PixelFormat;Lorg/lwjgl/opengl/ContextAttribs;)V+45
j  com.ra4king.opengl.GLProgram.run(IIZLorg/lwjgl/opengl/PixelFormat;)V+32
j  com.ra4king.opengl.GLProgram.run(IIZ)V+11
j  ch.ethz.fcl.urbanfusion.vis.UrbanFusionVis.main([Ljava/lang/String;)V+27
v  ~StubRoutines::call_stub
V  [libjvm.dylib+0x2e032a]  JavaCalls::call_helper(JavaValue*, methodHandle*, JavaCallArguments*, Thread*)+0x6ae
V  [libjvm.dylib+0x316a36]  jni_invoke_static(JNIEnv_*, JavaValue*, _jobject*, JNICallType, _jmethodID*, JNI_ArgumentPusher*, Thread*)+0x1bf
V  [libjvm.dylib+0x30f7b0]  jni_CallStaticVoidMethod+0x15d
C  [java+0x39ae]  JavaMain+0x9b1
C  [libsystem_pthread.dylib+0x399d]  _pthread_body+0x83
C  [libsystem_pthread.dylib+0x391a]  _pthread_body+0x0
C  [libsystem_pthread.dylib+0x1351]  thread_start+0xd
C  0x0000000000000000

Java frames: (J=compiled Java code, j=interpreted, Vv=VM code)
j  org.lwjgl.opengl.GL11.nglDrawArrays(IIIJ)V+0
j  org.lwjgl.opengl.GL11.glDrawArrays(III)V+20
j  ch.ethz.fcl.urbanfusion.vis.UrbanFusionVis.render()V+43
j  com.ra4king.opengl.GLProgram.gameLoop()V+102
j  com.ra4king.opengl.GLProgram.run(Lorg/lwjgl/opengl/PixelFormat;Lorg/lwjgl/opengl/ContextAttribs;)V+45
j  com.ra4king.opengl.GLProgram.run(IIZLorg/lwjgl/opengl/PixelFormat;)V+32
j  com.ra4king.opengl.GLProgram.run(IIZ)V+11
j  ch.ethz.fcl.urbanfusion.vis.UrbanFusionVis.main([Ljava/lang/String;)V+27
v  ~StubRoutines::call_stub

---------------  P R O C E S S  ---------------

Java Threads: ( => current thread )
  0x00007f82b3081000 JavaThread "AWT-Shutdown" [_thread_blocked, id=31507, stack(0x00007000015dc000,0x00007000016dc000)]
  0x00007f82b1035000 JavaThread "AppKit Thread" daemon [_thread_in_native, id=2571, stack(0x00007fff5aec4000,0x00007fff5b6c4000)]
  0x00007f82b3037800 JavaThread "Service Thread" daemon [_thread_blocked, id=20995, stack(0x00007000012d0000,0x00007000013d0000)]
  0x00007f82b2005800 JavaThread "C1 CompilerThread3" daemon [_thread_blocked, id=20483, stack(0x00007000011cd000,0x00007000012cd000)]
  0x00007f82b3037000 JavaThread "C2 CompilerThread2" daemon [_thread_blocked, id=19971, stack(0x00007000010ca000,0x00007000011ca000)]
  0x00007f82b2005000 JavaThread "C2 CompilerThread1" daemon [_thread_blocked, id=19459, stack(0x0000700000fc7000,0x00007000010c7000)]
  0x00007f82b1862000 JavaThread "C2 CompilerThread0" daemon [_thread_blocked, id=18947, stack(0x0000700000ec4000,0x0000700000fc4000)]
  0x00007f82b1866800 JavaThread "Signal Dispatcher" daemon [_thread_blocked, id=15119, stack(0x0000700000dc1000,0x0000700000ec1000)]
  0x00007f82b3021800 JavaThread "Finalizer" daemon [_thread_blocked, id=14339, stack(0x0000700000c3b000,0x0000700000d3b000)]
  0x00007f82b3020800 JavaThread "Reference Handler" daemon [_thread_blocked, id=13827, stack(0x0000700000b38000,0x0000700000c38000)]
=>0x00007f82b3002000 JavaThread "main" [_thread_in_native, id=5891, stack(0x000070000011a000,0x000070000021a000)]

Other Threads:
  0x00007f82b301e000 VMThread [stack: 0x0000700000a35000,0x0000700000b35000] [id=13315]
  0x00007f82b3038800 WatcherThread [stack: 0x00007000013d3000,0x00007000014d3000] [id=21507]

VM state:not at safepoint (normal execution)

VM Mutex/Monitor currently owned by a thread: None

Heap:
 PSYoungGen      total 76288K, used 45164K [0x000000076ab00000, 0x0000000770000000, 0x00000007c0000000)
  eden space 65536K, 68% used [0x000000076ab00000,0x000000076d71b240,0x000000076eb00000)
  from space 10752K, 0% used [0x000000076f580000,0x000000076f580000,0x0000000770000000)
  to   space 10752K, 0% used [0x000000076eb00000,0x000000076eb00000,0x000000076f580000)
 ParOldGen       total 175104K, used 0K [0x00000006c0000000, 0x00000006cab00000, 0x000000076ab00000)
  object space 175104K, 0% used [0x00000006c0000000,0x00000006c0000000,0x00000006cab00000)
 Metaspace       used 6147K, capacity 6231K, committed 6400K, reserved 1056768K
  class space    used 606K, capacity 662K, committed 768K, reserved 1048576K

Card table byte_map: [0x0000000115bf2000,0x00000001163f3000] byte_map_base: 0x00000001125f2000

Marking Bits: (ParMarkBitMap*) 0x00000001060c27a0
 Begin Bits: [0x0000000116949000, 0x000000011a949000)
 End Bits:   [0x000000011a949000, 0x000000011e949000)

Polling page: 0x00000001047ff000

CodeCache: size=245760Kb used=2637Kb max_used=2644Kb free=243122Kb
 bounds [0x0000000106832000, 0x0000000106ad2000, 0x0000000115832000]
 total_blobs=1004 nmethods=626 adapters=292
 compilation: enabled

Compilation events (10 events):
Event: 0.782 Thread 0x00007f82b1862000 nmethod 622 0x0000000106ac8510 code [0x0000000106ac86e0, 0x0000000106ac9488]
Event: 0.783 Thread 0x00007f82b2005000 nmethod 621 0x0000000106ac29d0 code [0x0000000106ac2ba0, 0x0000000106ac3978]
Event: 0.790 Thread 0x00007f82b2005800  623       3       sun.misc.FDBigInteger::mult (64 bytes)
Event: 0.790 Thread 0x00007f82b2005800 nmethod 623 0x0000000106a9a6d0 code [0x0000000106a9a840, 0x0000000106a9aad0]
Event: 0.790 Thread 0x00007f82b2005800  624       3       sun.misc.FDBigInteger::<init> (30 bytes)
Event: 0.790 Thread 0x00007f82b2005800 nmethod 624 0x0000000106ac2550 code [0x0000000106ac26c0, 0x0000000106ac28c8]
Event: 0.790 Thread 0x00007f82b2005800  625       3       sun.misc.FDBigInteger::trimLeadingZeros (57 bytes)
Event: 0.790 Thread 0x00007f82b2005800 nmethod 625 0x0000000106ac1f50 code [0x0000000106ac20c0, 0x0000000106ac23f0]
Event: 0.790 Thread 0x00007f82b2005800  626       3       java.io.InputStream::<init> (5 bytes)
Event: 0.790 Thread 0x00007f82b2005800 nmethod 626 0x0000000106a9cf50 code [0x0000000106a9d0c0, 0x0000000106a9d270]

GC Heap History (0 events):
No events

Deoptimization events (3 events):
Event: 0.195 Thread 0x00007f82b1035000 Uncommon trap: reason=unstable_if action=reinterpret pc=0x0000000106969740 method=java.lang.String.indexOf(II)I @ 49
Event: 0.654 Thread 0x00007f82b3002000 Uncommon trap: reason=unstable_if action=reinterpret pc=0x00000001069dbbd8 method=java.lang.String.replace(CC)Ljava/lang/String; @ 26
Event: 0.661 Thread 0x00007f82b3002000 Uncommon trap: reason=unstable_if action=reinterpret pc=0x0000000106a2aac8 method=java.nio.Bits.getInt(Ljava/nio/ByteBuffer;IZ)I @ 1

Internal exceptions (10 events):
Event: 0.053 Thread 0x00007f82b3002000 Exception <a 'java/security/PrivilegedActionException'> (0x000000076ab65518) thrown at [/Users/java_re/workspace/8-2-build-macosx-x86_64/jdk8u45/3457/hotspot/src/share/vm/prims/jvm.cpp, line 1382]
Event: 0.086 Thread 0x00007f82b3002000 Exception <a 'java/security/PrivilegedActionException'> (0x000000076aeead08) thrown at [/Users/java_re/workspace/8-2-build-macosx-x86_64/jdk8u45/3457/hotspot/src/share/vm/prims/jvm.cpp, line 1382]
Event: 0.086 Thread 0x00007f82b3002000 Exception <a 'java/security/PrivilegedActionException'> (0x000000076aeeaec0) thrown at [/Users/java_re/workspace/8-2-build-macosx-x86_64/jdk8u45/3457/hotspot/src/share/vm/prims/jvm.cpp, line 1382]
Event: 0.086 Thread 0x00007f82b3002000 Exception <a 'java/security/PrivilegedActionException'> (0x000000076aeee0b0) thrown at [/Users/java_re/workspace/8-2-build-macosx-x86_64/jdk8u45/3457/hotspot/src/share/vm/prims/jvm.cpp, line 1382]
Event: 0.086 Thread 0x00007f82b3002000 Exception <a 'java/security/PrivilegedActionException'> (0x000000076aeee268) thrown at [/Users/java_re/workspace/8-2-build-macosx-x86_64/jdk8u45/3457/hotspot/src/share/vm/prims/jvm.cpp, line 1382]
Event: 0.185 Thread 0x00007f82b3002000 Exception <a 'java/io/FileNotFoundException'> (0x000000076aef2170) thrown at [/Users/java_re/workspace/8-2-build-macosx-x86_64/jdk8u45/3457/hotspot/src/share/vm/prims/jni.cpp, line 709]
Event: 0.185 Thread 0x00007f82b3002000 Exception <a 'java/io/FileNotFoundException'> (0x000000076aef2cb0) thrown at [/Users/java_re/workspace/8-2-build-macosx-x86_64/jdk8u45/3457/hotspot/src/share/vm/prims/jni.cpp, line 709]
Event: 0.191 Thread 0x00007f82b3002000 Exception <a 'java/lang/UnsatisfiedLinkError'> (0x000000076af02a18) thrown at [/Users/java_re/workspace/8-2-build-macosx-x86_64/jdk8u45/3457/hotspot/src/share/vm/prims/jvm.cpp, line 1386]
Event: 0.215 Thread 0x00007f82b1035000 Exception <a 'java/lang/NoSuchFieldError': method resolution failed> (0x000000076b0f2aa8) thrown at [/Users/java_re/workspace/8-2-build-macosx-x86_64/jdk8u45/3457/hotspot/src/share/vm/prims/methodHandles.cpp, line 1125]
Event: 0.217 Thread 0x00007f82b1035000 Exception <a 'java/lang/NoSuchFieldError': method resolution failed> (0x000000076b101148) thrown at [/Users/java_re/workspace/8-2-build-macosx-x86_64/jdk8u45/3457/hotspot/src/share/vm/prims/methodHandles.cpp, line 1125]

Events (10 events):
Event: 0.789 loading class sun/misc/FloatingDecimal$PreparedASCIIToBinaryBuffer
Event: 0.789 loading class sun/misc/FloatingDecimal$ASCIIToBinaryConverter
Event: 0.789 loading class sun/misc/FloatingDecimal$ASCIIToBinaryConverter done
Event: 0.789 loading class sun/misc/FloatingDecimal$PreparedASCIIToBinaryBuffer done
Event: 0.789 loading class sun/misc/FDBigInteger
Event: 0.789 loading class sun/misc/FDBigInteger done
Event: 0.790 Thread 0x00007f82b3002000 DEOPT PACKING pc=0x0000000106aa276c sp=0x00007000002193d0
Event: 0.790 Thread 0x00007f82b3002000 DEOPT UNPACKING pc=0x0000000106879633 sp=0x00007000002192b0 mode 0
Event: 0.790 loading class org/lwjgl/opengl/GLChecks
Event: 0.790 loading class org/lwjgl/opengl/GLChecks done


Dynamic libraries:
0x0000000003484000 	/System/Library/Frameworks/Cocoa.framework/Versions/A/Cocoa
0x0000000003484000 	/System/Library/Frameworks/Security.framework/Versions/A/Security
0x0000000003484000 	/System/Library/Frameworks/ApplicationServices.framework/Versions/A/ApplicationServices
0x0000000003484000 	/usr/lib/libz.1.dylib
0x0000000003484000 	/usr/lib/libSystem.B.dylib
0x0000000003484000 	/usr/lib/libobjc.A.dylib
0x0000000003484000 	/System/Library/Frameworks/CoreFoundation.framework/Versions/A/CoreFoundation
0x0000000003484000 	/System/Library/Frameworks/Foundation.framework/Versions/C/Foundation
0x0000000003484000 	/System/Library/Frameworks/AppKit.framework/Versions/C/AppKit
0x0000000003484000 	/System/Library/Frameworks/CoreData.framework/Versions/A/CoreData
0x0000000003484000 	/System/Library/PrivateFrameworks/RemoteViewServices.framework/Versions/A/RemoteViewServices
0x0000000003484000 	/System/Library/PrivateFrameworks/UIFoundation.framework/Versions/A/UIFoundation
0x0000000003484000 	/usr/lib/libScreenReader.dylib
0x0000000003484000 	/System/Library/Frameworks/Accelerate.framework/Versions/A/Accelerate
0x0000000003484000 	/System/Library/Frameworks/IOSurface.framework/Versions/A/IOSurface
0x0000000003484000 	/System/Library/Frameworks/AudioToolbox.framework/Versions/A/AudioToolbox
0x0000000003484000 	/System/Library/Frameworks/AudioUnit.framework/Versions/A/AudioUnit
0x0000000003484000 	/System/Library/PrivateFrameworks/DataDetectorsCore.framework/Versions/A/DataDetectorsCore
0x0000000003484000 	/System/Library/PrivateFrameworks/DesktopServicesPriv.framework/Versions/A/DesktopServicesPriv
0x0000000003484000 	/System/Library/Frameworks/Carbon.framework/Versions/A/Frameworks/HIToolbox.framework/Versions/A/HIToolbox
0x0000000003484000 	/System/Library/Frameworks/QuartzCore.framework/Versions/A/QuartzCore
0x0000000003484000 	/System/Library/Frameworks/Carbon.framework/Versions/A/Frameworks/SpeechRecognition.framework/Versions/A/SpeechRecognition
0x0000000003484000 	/usr/lib/libauto.dylib
0x0000000003484000 	/usr/lib/libicucore.A.dylib
0x0000000003484000 	/usr/lib/libxml2.2.dylib
0x0000000003484000 	/System/Library/PrivateFrameworks/CoreUI.framework/Versions/A/CoreUI
0x0000000003484000 	/System/Library/Frameworks/CoreAudio.framework/Versions/A/CoreAudio
0x0000000003484000 	/System/Library/Frameworks/DiskArbitration.framework/Versions/A/DiskArbitration
0x0000000003484000 	/usr/lib/liblangid.dylib
0x0000000003484000 	/System/Library/PrivateFrameworks/MultitouchSupport.framework/Versions/A/MultitouchSupport
0x0000000003484000 	/System/Library/Frameworks/IOKit.framework/Versions/A/IOKit
0x0000000003484000 	/usr/lib/libDiagnosticMessagesClient.dylib
0x0000000003484000 	/System/Library/Frameworks/CoreServices.framework/Versions/A/CoreServices
0x0000000003484000 	/System/Library/PrivateFrameworks/PerformanceAnalysis.framework/Versions/A/PerformanceAnalysis
0x0000000003484000 	/System/Library/PrivateFrameworks/GenerationalStorage.framework/Versions/A/GenerationalStorage
0x0000000003484000 	/System/Library/Frameworks/OpenGL.framework/Versions/A/OpenGL
0x0000000003484000 	/System/Library/PrivateFrameworks/Sharing.framework/Versions/A/Sharing
0x0000000003484000 	/System/Library/Frameworks/CoreGraphics.framework/Versions/A/CoreGraphics
0x0000000003484000 	/System/Library/Frameworks/CoreImage.framework/Versions/A/CoreImage
0x0000000003484000 	/System/Library/Frameworks/CoreText.framework/Versions/A/CoreText
0x0000000003484000 	/System/Library/Frameworks/ImageIO.framework/Versions/A/ImageIO
0x0000000003484000 	/System/Library/PrivateFrameworks/Backup.framework/Versions/A/Backup
0x0000000003484000 	/usr/lib/libextension.dylib
0x0000000003484000 	/usr/lib/libarchive.2.dylib
0x0000000003484000 	/System/Library/Frameworks/CFNetwork.framework/Versions/A/CFNetwork
0x0000000003484000 	/System/Library/Frameworks/SystemConfiguration.framework/Versions/A/SystemConfiguration
0x0000000003484000 	/usr/lib/libCRFSuite.dylib
0x0000000003484000 	/usr/lib/libc++.1.dylib
0x0000000003484000 	/usr/lib/libc++abi.dylib
0x0000000003484000 	/usr/lib/system/libcache.dylib
0x0000000003484000 	/usr/lib/system/libcommonCrypto.dylib
0x0000000003484000 	/usr/lib/system/libcompiler_rt.dylib
0x0000000003484000 	/usr/lib/system/libcopyfile.dylib
0x0000000003484000 	/usr/lib/system/libcorecrypto.dylib
0x0000000003484000 	/usr/lib/system/libdispatch.dylib
0x0000000003484000 	/usr/lib/system/libdyld.dylib
0x0000000003484000 	/usr/lib/system/libkeymgr.dylib
0x0000000003484000 	/usr/lib/system/liblaunch.dylib
0x0000000003484000 	/usr/lib/system/libmacho.dylib
0x0000000003484000 	/usr/lib/system/libquarantine.dylib
0x0000000003484000 	/usr/lib/system/libremovefile.dylib
0x0000000003484000 	/usr/lib/system/libsystem_asl.dylib
0x0000000003484000 	/usr/lib/system/libsystem_blocks.dylib
0x0000000003484000 	/usr/lib/system/libsystem_c.dylib
0x0000000003484000 	/usr/lib/system/libsystem_configuration.dylib
0x0000000003484000 	/usr/lib/system/libsystem_coreservices.dylib
0x0000000003484000 	/usr/lib/system/libsystem_coretls.dylib
0x0000000003484000 	/usr/lib/system/libsystem_dnssd.dylib
0x0000000003484000 	/usr/lib/system/libsystem_info.dylib
0x0000000003484000 	/usr/lib/system/libsystem_kernel.dylib
0x0000000003484000 	/usr/lib/system/libsystem_m.dylib
0x0000000003484000 	/usr/lib/system/libsystem_malloc.dylib
0x0000000003484000 	/usr/lib/system/libsystem_network.dylib
0x0000000003484000 	/usr/lib/system/libsystem_networkextension.dylib
0x0000000003484000 	/usr/lib/system/libsystem_notify.dylib
0x0000000003484000 	/usr/lib/system/libsystem_platform.dylib
0x0000000003484000 	/usr/lib/system/libsystem_pthread.dylib
0x0000000003484000 	/usr/lib/system/libsystem_sandbox.dylib
0x0000000003484000 	/usr/lib/system/libsystem_secinit.dylib
0x0000000003484000 	/usr/lib/system/libsystem_trace.dylib
0x0000000003484000 	/usr/lib/system/libunc.dylib
0x0000000003484000 	/usr/lib/system/libunwind.dylib
0x0000000003484000 	/usr/lib/system/libxpc.dylib
0x0000000003484000 	/usr/lib/libenergytrace.dylib
0x0000000003484000 	/usr/lib/libbsm.0.dylib
0x0000000003484000 	/usr/lib/system/libkxld.dylib
0x0000000003484000 	/usr/lib/libxar.1.dylib
0x0000000003484000 	/usr/lib/libsqlite3.dylib
0x0000000003484000 	/usr/lib/libpam.2.dylib
0x0000000003484000 	/usr/lib/libOpenScriptingUtil.dylib
0x0000000003484000 	/usr/lib/libbz2.1.0.dylib
0x0000000003484000 	/usr/lib/liblzma.5.dylib
0x0000000003484000 	/System/Library/Frameworks/CoreServices.framework/Versions/A/Frameworks/FSEvents.framework/Versions/A/FSEvents
0x0000000003484000 	/System/Library/Frameworks/CoreServices.framework/Versions/A/Frameworks/CarbonCore.framework/Versions/A/CarbonCore
0x0000000003484000 	/System/Library/Frameworks/CoreServices.framework/Versions/A/Frameworks/Metadata.framework/Versions/A/Metadata
0x0000000003484000 	/System/Library/Frameworks/CoreServices.framework/Versions/A/Frameworks/OSServices.framework/Versions/A/OSServices
0x0000000003484000 	/System/Library/Frameworks/CoreServices.framework/Versions/A/Frameworks/SearchKit.framework/Versions/A/SearchKit
0x0000000003484000 	/System/Library/Frameworks/CoreServices.framework/Versions/A/Frameworks/AE.framework/Versions/A/AE
0x0000000003484000 	/System/Library/Frameworks/CoreServices.framework/Versions/A/Frameworks/LaunchServices.framework/Versions/A/LaunchServices
0x0000000003484000 	/System/Library/Frameworks/CoreServices.framework/Versions/A/Frameworks/DictionaryServices.framework/Versions/A/DictionaryServices
0x0000000003484000 	/System/Library/Frameworks/CoreServices.framework/Versions/A/Frameworks/SharedFileList.framework/Versions/A/SharedFileList
0x0000000003484000 	/System/Library/Frameworks/NetFS.framework/Versions/A/NetFS
0x0000000003484000 	/System/Library/PrivateFrameworks/NetAuth.framework/Versions/A/NetAuth
0x0000000003484000 	/System/Library/PrivateFrameworks/login.framework/Versions/A/Frameworks/loginsupport.framework/Versions/A/loginsupport
0x0000000003484000 	/System/Library/PrivateFrameworks/TCC.framework/Versions/A/TCC
0x0000000003484000 	/usr/lib/libmecabra.dylib
0x0000000003484000 	/System/Library/Frameworks/ApplicationServices.framework/Versions/A/Frameworks/ATS.framework/Versions/A/ATS
0x0000000003484000 	/System/Library/Frameworks/ApplicationServices.framework/Versions/A/Frameworks/ColorSync.framework/Versions/A/ColorSync
0x0000000003484000 	/System/Library/Frameworks/ApplicationServices.framework/Versions/A/Frameworks/HIServices.framework/Versions/A/HIServices
0x0000000003484000 	/System/Library/Frameworks/ApplicationServices.framework/Versions/A/Frameworks/LangAnalysis.framework/Versions/A/LangAnalysis
0x0000000003484000 	/System/Library/Frameworks/ApplicationServices.framework/Versions/A/Frameworks/PrintCore.framework/Versions/A/PrintCore
0x0000000003484000 	/System/Library/Frameworks/ApplicationServices.framework/Versions/A/Frameworks/QD.framework/Versions/A/QD
0x0000000003484000 	/System/Library/Frameworks/ApplicationServices.framework/Versions/A/Frameworks/SpeechSynthesis.framework/Versions/A/SpeechSynthesis
0x0000000003484000 	/System/Library/Frameworks/Metal.framework/Versions/A/Metal
0x0000000003484000 	/System/Library/Frameworks/Accelerate.framework/Versions/A/Frameworks/vImage.framework/Versions/A/vImage
0x0000000003484000 	/System/Library/Frameworks/Accelerate.framework/Versions/A/Frameworks/vecLib.framework/Versions/A/vecLib
0x0000000003484000 	/System/Library/Frameworks/Accelerate.framework/Versions/A/Frameworks/vecLib.framework/Versions/A/libvDSP.dylib
0x0000000003484000 	/System/Library/Frameworks/Accelerate.framework/Versions/A/Frameworks/vecLib.framework/Versions/A/libvMisc.dylib
0x0000000003484000 	/System/Library/Frameworks/Accelerate.framework/Versions/A/Frameworks/vecLib.framework/Versions/A/libLAPACK.dylib
0x0000000003484000 	/System/Library/Frameworks/Accelerate.framework/Versions/A/Frameworks/vecLib.framework/Versions/A/libBLAS.dylib
0x0000000003484000 	/System/Library/Frameworks/Accelerate.framework/Versions/A/Frameworks/vecLib.framework/Versions/A/libLinearAlgebra.dylib
0x0000000003484000 	/System/Library/Frameworks/Accelerate.framework/Versions/A/Frameworks/vecLib.framework/Versions/A/libSparseBLAS.dylib
0x0000000003484000 	/System/Library/PrivateFrameworks/GPUCompiler.framework/libmetal_timestamp.dylib
0x0000000003484000 	/System/Library/Frameworks/OpenGL.framework/Versions/A/Libraries/libCoreFSCache.dylib
0x0000000003484000 	/System/Library/PrivateFrameworks/IOAccelerator.framework/Versions/A/IOAccelerator
0x0000000003484000 	/System/Library/Frameworks/ApplicationServices.framework/Versions/A/Frameworks/ATS.framework/Versions/A/Resources/libFontParser.dylib
0x0000000003484000 	/System/Library/Frameworks/ApplicationServices.framework/Versions/A/Frameworks/ATS.framework/Versions/A/Resources/libFontRegistry.dylib
0x0000000003484000 	/System/Library/PrivateFrameworks/AppleVPA.framework/Versions/A/AppleVPA
0x0000000003484000 	/System/Library/PrivateFrameworks/AppleJPEG.framework/Versions/A/AppleJPEG
0x0000000003484000 	/System/Library/Frameworks/ImageIO.framework/Versions/A/Resources/libJPEG.dylib
0x0000000003484000 	/System/Library/Frameworks/ImageIO.framework/Versions/A/Resources/libTIFF.dylib
0x0000000003484000 	/System/Library/Frameworks/ImageIO.framework/Versions/A/Resources/libPng.dylib
0x0000000003484000 	/System/Library/Frameworks/ImageIO.framework/Versions/A/Resources/libGIF.dylib
0x0000000003484000 	/System/Library/Frameworks/ImageIO.framework/Versions/A/Resources/libJP2.dylib
0x0000000003484000 	/System/Library/Frameworks/ImageIO.framework/Versions/A/Resources/libRadiance.dylib
0x0000000003484000 	/System/Library/Frameworks/CoreVideo.framework/Versions/A/CoreVideo
0x0000000003484000 	/System/Library/Frameworks/OpenGL.framework/Versions/A/Libraries/libGLU.dylib
0x0000000003484000 	/System/Library/Frameworks/OpenGL.framework/Versions/A/Libraries/libGFXShared.dylib
0x0000000003484000 	/System/Library/Frameworks/OpenGL.framework/Versions/A/Libraries/libGL.dylib
0x0000000003484000 	/System/Library/Frameworks/OpenGL.framework/Versions/A/Libraries/libGLImage.dylib
0x0000000003484000 	/System/Library/Frameworks/OpenGL.framework/Versions/A/Libraries/libCVMSPluginSupport.dylib
0x0000000003484000 	/System/Library/Frameworks/OpenGL.framework/Versions/A/Libraries/libCoreVMClient.dylib
0x0000000003484000 	/usr/lib/libcups.2.dylib
0x0000000003484000 	/System/Library/Frameworks/Kerberos.framework/Versions/A/Kerberos
0x0000000003484000 	/System/Library/Frameworks/GSS.framework/Versions/A/GSS
0x0000000003484000 	/usr/lib/libresolv.9.dylib
0x0000000003484000 	/usr/lib/libiconv.2.dylib
0x0000000003484000 	/System/Library/PrivateFrameworks/Heimdal.framework/Versions/A/Heimdal
0x0000000003484000 	/usr/lib/libheimdal-asn1.dylib
0x0000000003484000 	/System/Library/Frameworks/OpenDirectory.framework/Versions/A/OpenDirectory
0x0000000003484000 	/System/Library/PrivateFrameworks/CommonAuth.framework/Versions/A/CommonAuth
0x0000000003484000 	/System/Library/Frameworks/OpenDirectory.framework/Versions/A/Frameworks/CFOpenDirectory.framework/Versions/A/CFOpenDirectory
0x0000000003484000 	/System/Library/Frameworks/SecurityFoundation.framework/Versions/A/SecurityFoundation
0x0000000003484000 	/System/Library/PrivateFrameworks/LanguageModeling.framework/Versions/A/LanguageModeling
0x0000000003484000 	/usr/lib/libmarisa.dylib
0x0000000003484000 	/usr/lib/libChineseTokenizer.dylib
0x0000000003484000 	/usr/lib/libcmph.dylib
0x0000000003484000 	/usr/lib/libcompression.dylib
0x0000000003484000 	/System/Library/Frameworks/ServiceManagement.framework/Versions/A/ServiceManagement
0x0000000003484000 	/usr/lib/libxslt.1.dylib
0x0000000003484000 	/System/Library/Frameworks/Carbon.framework/Versions/A/Frameworks/Ink.framework/Versions/A/Ink
0x0000000003484000 	/usr/lib/libFosl_dynamic.dylib
0x0000000003484000 	/System/Library/PrivateFrameworks/FaceCore.framework/Versions/A/FaceCore
0x0000000003484000 	/System/Library/Frameworks/OpenCL.framework/Versions/A/OpenCL
0x0000000003484000 	/System/Library/PrivateFrameworks/CrashReporterSupport.framework/Versions/A/CrashReporterSupport
0x0000000003484000 	/System/Library/PrivateFrameworks/IconServices.framework/Versions/A/IconServices
0x0000000003484000 	/System/Library/PrivateFrameworks/Apple80211.framework/Versions/A/Apple80211
0x0000000003484000 	/System/Library/Frameworks/CoreWLAN.framework/Versions/A/CoreWLAN
0x0000000003484000 	/System/Library/Frameworks/IOBluetooth.framework/Versions/A/IOBluetooth
0x0000000003484000 	/System/Library/PrivateFrameworks/CoreWiFi.framework/Versions/A/CoreWiFi
0x0000000003484000 	/System/Library/Frameworks/CoreBluetooth.framework/Versions/A/CoreBluetooth
0x0000000003484000 	/System/Library/PrivateFrameworks/ChunkingLibrary.framework/Versions/A/ChunkingLibrary
0x0000000003484000 	/System/Library/PrivateFrameworks/DebugSymbols.framework/Versions/A/DebugSymbols
0x0000000003484000 	/System/Library/PrivateFrameworks/CoreSymbolication.framework/Versions/A/CoreSymbolication
0x0000000003484000 	/System/Library/PrivateFrameworks/Symbolication.framework/Versions/A/Symbolication
0x0000000003484000 	/System/Library/PrivateFrameworks/SpeechRecognitionCore.framework/Versions/A/SpeechRecognitionCore
0x0000000105800000 	/Library/Java/JavaVirtualMachines/jdk1.8.0_45.jdk/Contents/Home/jre/lib/server/libjvm.dylib
0x0000000106769000 	/usr/lib/libstdc++.6.dylib
0x00000001047bc000 	/Library/Java/JavaVirtualMachines/jdk1.8.0_45.jdk/Contents/Home/jre/lib/libverify.dylib
0x00000001047ca000 	/Library/Java/JavaVirtualMachines/jdk1.8.0_45.jdk/Contents/Home/jre/lib/libjava.dylib
0x0000000106829000 	/Library/Java/JavaVirtualMachines/jdk1.8.0_45.jdk/Contents/Home/jre/lib/libzip.dylib
0x00000001218e8000 	/System/Library/Frameworks/JavaVM.framework/Frameworks/JavaRuntimeSupport.framework/JavaRuntimeSupport
0x0000000121903000 	/System/Library/Frameworks/JavaVM.framework/Versions/A/Frameworks/JavaNativeFoundation.framework/Versions/A/JavaNativeFoundation
0x0000000121918000 	/System/Library/Frameworks/JavaVM.framework/Versions/A/JavaVM
0x0000000003484000 	/System/Library/Frameworks/Carbon.framework/Versions/A/Carbon
0x0000000121925000 	/System/Library/PrivateFrameworks/JavaLaunching.framework/Versions/A/JavaLaunching
0x0000000003484000 	/System/Library/Frameworks/Carbon.framework/Versions/A/Frameworks/CommonPanels.framework/Versions/A/CommonPanels
0x0000000003484000 	/System/Library/Frameworks/Carbon.framework/Versions/A/Frameworks/Help.framework/Versions/A/Help
0x0000000003484000 	/System/Library/Frameworks/Carbon.framework/Versions/A/Frameworks/ImageCapture.framework/Versions/A/ImageCapture
0x0000000003484000 	/System/Library/Frameworks/Carbon.framework/Versions/A/Frameworks/OpenScripting.framework/Versions/A/OpenScripting
0x0000000003484000 	/System/Library/Frameworks/Carbon.framework/Versions/A/Frameworks/Print.framework/Versions/A/Print
0x0000000003484000 	/System/Library/Frameworks/Carbon.framework/Versions/A/Frameworks/SecurityHI.framework/Versions/A/SecurityHI
0x000000012325a000 	/Library/Java/JavaVirtualMachines/jdk1.8.0_45.jdk/Contents/Home/jre/lib/libawt.dylib
0x0000000123302000 	/Library/Java/JavaVirtualMachines/jdk1.8.0_45.jdk/Contents/Home/jre/lib/./libmlib_image.dylib
0x00000001233ce000 	/Library/Java/JavaVirtualMachines/jdk1.8.0_45.jdk/Contents/Home/jre/lib/libawt_lwawt.dylib
0x0000000123482000 	/Library/Java/JavaVirtualMachines/jdk1.8.0_45.jdk/Contents/Home/jre/lib/./libosxapp.dylib
0x0000000003484000 	/System/Library/Frameworks/ExceptionHandling.framework/Versions/A/ExceptionHandling
0x0000000003484000 	/System/Library/PrivateFrameworks/CoreServicesInternal.framework/Versions/A/CoreServicesInternal
0x0000000003484000 	/System/Library/Frameworks/CoreGraphics.framework/Versions/A/Resources/libRIP.A.dylib
0x0000000124426000 	/System/Library/Frameworks/Accelerate.framework/Frameworks/vImage.framework/Versions/A/Libraries/libCGInterfaces.dylib
0x0000000003484000 	/System/Library/Frameworks/CoreGraphics.framework/Versions/A/Resources/libCGXType.A.dylib
0x0000000003484000 	/System/Library/Frameworks/OpenCL.framework/Versions/A/Libraries/libcldcpuengine.dylib
0x0000000003484000 	/System/Library/PrivateFrameworks/DiskImages.framework/Versions/A/DiskImages
0x0000000003484000 	/System/Library/Frameworks/DiscRecording.framework/Versions/A/DiscRecording
0x0000000003484000 	/usr/lib/libcsfde.dylib
0x0000000003484000 	/usr/lib/libcurl.4.dylib
0x0000000003484000 	/System/Library/PrivateFrameworks/MediaKit.framework/Versions/A/MediaKit
0x0000000003484000 	/System/Library/PrivateFrameworks/ProtectedCloudStorage.framework/Versions/A/ProtectedCloudStorage
0x0000000003484000 	/usr/lib/libCoreStorage.dylib
0x0000000003484000 	/System/Library/PrivateFrameworks/EFILogin.framework/Versions/A/EFILogin
0x0000000003484000 	/usr/lib/libutil.dylib
0x0000000003484000 	/System/Library/PrivateFrameworks/FindMyDevice.framework/Versions/A/FindMyDevice
0x0000000003484000 	/System/Library/Frameworks/LDAP.framework/Versions/A/LDAP
0x0000000003484000 	/usr/lib/libsasl2.2.dylib
0x0000000003484000 	/System/Library/PrivateFrameworks/CoreDaemon.framework/Versions/B/CoreDaemon
0x0000000003484000 	/usr/lib/libcrypto.0.9.8.dylib
0x0000000003484000 	/System/Library/PrivateFrameworks/AppleSRP.framework/Versions/A/AppleSRP
0x0000000003484000 	/System/Library/PrivateFrameworks/TrustEvaluationAgent.framework/Versions/A/TrustEvaluationAgent
0x0000000125236000 	cl_kernels
0x0000000003484000 	/System/Library/Frameworks/OpenCL.framework/Versions/A/Libraries/ImageFormats/unorm8_bgra.dylib
0x0000000003484000 	/System/Library/Frameworks/OpenCL.framework/Versions/A/Libraries/ImageFormats/unorm8_rgba.dylib
0x0000000003484000 	/System/Library/PrivateFrameworks/FamilyControls.framework/Versions/A/FamilyControls
0x0000000003484000 	/System/Library/PrivateFrameworks/CommerceKit.framework/Versions/A/Frameworks/CommerceCore.framework/Versions/A/CommerceCore
0x0000000003484000 	/System/Library/PrivateFrameworks/SystemAdministration.framework/Versions/A/SystemAdministration
0x0000000003484000 	/System/Library/PrivateFrameworks/AppContainer.framework/Versions/A/AppContainer
0x0000000003484000 	/System/Library/PrivateFrameworks/SecCodeWrapper.framework/Versions/A/SecCodeWrapper
0x0000000003484000 	/System/Library/Frameworks/DirectoryService.framework/Versions/A/DirectoryService
0x0000000003484000 	/System/Library/PrivateFrameworks/LoginUIKit.framework/Versions/A/Frameworks/LoginUICore.framework/Versions/A/LoginUICore
0x0000000003484000 	/usr/lib/libodfde.dylib
0x000000012632c000 	/Library/Java/JavaVirtualMachines/jdk1.8.0_45.jdk/Contents/Home/jre/lib/libfontmanager.dylib
0x0000000126393000 	/Users/crazyfrog/Documents/1_SourceCode/UrbanFusionVis/libs/lwjgl/natives/liblwjgl.jnilib
0x000000012462b000 	/Library/Java/JavaVirtualMachines/jdk1.8.0_45.jdk/Contents/Home/jre/lib/libjawt.dylib
0x0000000126412000 	/System/Library/Frameworks/OpenGL.framework/Resources/GLEngine.bundle/GLEngine
0x0000000003484000 	/System/Library/Frameworks/OpenGL.framework/Versions/A/Libraries/libGLProgrammability.dylib
0x00000001265fa000 	/System/Library/Extensions/AppleIntelHD5000GraphicsGLDriver.bundle/Contents/MacOS/AppleIntelHD5000GraphicsGLDriver
0x0000000003484000 	/System/Library/PrivateFrameworks/GPUSupport.framework/Versions/A/Libraries/libGPUSupportMercury.dylib
0x0000000126d49000 	/System/Library/Extensions/AMDRadeonX4000GLDriver.bundle/Contents/MacOS/AMDRadeonX4000GLDriver
0x0000000126e15000 	/System/Library/Extensions/AMDRadeonX4000GLDriver.bundle/Contents/MacOS/ATIRadeonX4000SCLib.dylib
0x00000001272f0000 	/System/Library/Frameworks/OpenGL.framework/Resources//GLRendererFloat.bundle/GLRendererFloat

VM Arguments:
jvm_args: -Djava.library.path=/Users/crazyfrog/Documents/1_SourceCode/UrbanFusionVis/libs/lwjgl/natives:/Users/crazyfrog/Documents/1_SourceCode/UrbanFusionVis/libs/lwjgl/natives:/Users/crazyfrog/Documents/1_SourceCode/LWJGL-OpenGL-Tutorials/libs/lwjgl/natives:/Users/crazyfrog/Documents/1_SourceCode/LWJGL-OpenGL-Tutorials/libs/lwjgl/natives -Dfile.encoding=UTF-8 
java_command: ch.ethz.fcl.urbanfusion.vis.UrbanFusionVis
java_class_path (initial): /Users/crazyfrog/Documents/1_SourceCode/UrbanFusionVis/bin:/Users/crazyfrog/Documents/1_SourceCode/LWJGL-OpenGL-Examples/bin:/Users/crazyfrog/Documents/1_SourceCode/LWJGL-OpenGL-Tutorials/libs/xpp3.jar:/Users/crazyfrog/Documents/1_SourceCode/LWJGL-OpenGL-Tutorials/libs/lwjgl/lwjgl.jar:/Users/crazyfrog/Documents/1_SourceCode/LWJGL-OpenGL-Tutorials/libs/lwjgl/lwjgl_util.jar:/Users/crazyfrog/Documents/1_SourceCode/UrbanFusionVis/libs/lwjgl/lwjgl_util.jar:/Users/crazyfrog/Documents/1_SourceCode/UrbanFusionVis/libs/lwjgl/lwjgl.jar:/Users/crazyfrog/Documents/1_SourceCode/UrbanFusionVis/libs/ShapeFileReader_fat.jar:/Users/crazyfrog/Documents/1_SourceCode/UrbanFusionVis/libs/vecmath-1.3.1.jar:/Users/crazyfrog/Documents/1_SourceCode/UrbanFusionVis/libs/jts-1.13.jar:/Users/crazyfrog/Documents/1_SourceCode/UrbanFusionVis/libs/jcoord-1.0.jar
Launcher Type: SUN_STANDARD

Environment Variables:
PATH=/usr/bin:/bin:/usr/sbin:/sbin
SHELL=/bin/bash

Signal Handlers:
SIGSEGV: [libjvm.dylib+0x58ef95], sa_mask[0]=11111111011111110111111111111111, sa_flags=SA_ONSTACK|SA_RESTART|SA_SIGINFO
SIGBUS: [libjvm.dylib+0x58ef95], sa_mask[0]=11111111011111110111111111111111, sa_flags=SA_RESTART|SA_SIGINFO
SIGFPE: [libjvm.dylib+0x46c108], sa_mask[0]=11111111011111110111111111111111, sa_flags=SA_RESTART|SA_SIGINFO
SIGPIPE: [libjvm.dylib+0x46c108], sa_mask[0]=11111111011111110111111111111111, sa_flags=SA_RESTART|SA_SIGINFO
SIGXFSZ: [libjvm.dylib+0x46c108], sa_mask[0]=11111111011111110111111111111111, sa_flags=SA_RESTART|SA_SIGINFO
SIGILL: [libjvm.dylib+0x46c108], sa_mask[0]=11111111011111110111111111111111, sa_flags=SA_RESTART|SA_SIGINFO
SIGUSR1: SIG_DFL, sa_mask[0]=00000000000000000000000000000000, sa_flags=none
SIGUSR2: [libjvm.dylib+0x46bc26], sa_mask[0]=00100000000000000000000000000000, sa_flags=SA_RESTART|SA_SIGINFO
SIGHUP: [libjvm.dylib+0x46a1f9], sa_mask[0]=11111111011111110111111111111111, sa_flags=SA_RESTART|SA_SIGINFO
SIGINT: [libjvm.dylib+0x46a1f9], sa_mask[0]=11111111011111110111111111111111, sa_flags=SA_RESTART|SA_SIGINFO
SIGTERM: [libjvm.dylib+0x46a1f9], sa_mask[0]=11111111011111110111111111111111, sa_flags=SA_RESTART|SA_SIGINFO
SIGQUIT: [libjvm.dylib+0x46a1f9], sa_mask[0]=11111111011111110111111111111111, sa_flags=SA_RESTART|SA_SIGINFO


---------------  S Y S T E M  ---------------

OS:Bsduname:Darwin 15.4.0 Darwin Kernel Version 15.4.0: Fri Feb 26 22:08:05 PST 2016; root:xnu-3248.40.184~3/RELEASE_X86_64 x86_64
rlimit: STACK 8192k, CORE 0k, NPROC 709, NOFILE 10240, AS infinity
load average:1.62 1.61 1.66

CPU:total 8 (4 cores per cpu, 2 threads per core) family 6 model 70 stepping 1, cmov, cx8, fxsr, mmx, sse, sse2, sse3, ssse3, sse4.1, sse4.2, popcnt, avx, avx2, aes, clmul, erms, lzcnt, ht, tsc, tscinvbit, bmi1, bmi2

Memory: 4k page, physical 16777216k(552028k free)

/proc/meminfo:


vm_info: Java HotSpot(TM) 64-Bit Server VM (25.45-b02) for bsd-amd64 JRE (1.8.0_45-b14), built on Apr 10 2015 10:46:38 by "java_re" with gcc 4.2.1 (Based on Apple Inc. build 5658) (LLVM build 2336.11.00)

time: Sun May 15 17:04:17 2016
elapsed time: 0 seconds (0d 0h 0m 0s)

